<?xml version="1.0" encoding="UTF-8"?>
<!-- Generated by org.testng.reporters.JUnitReportReporter -->
<testsuite skipped="0" hostname="DESKTOP-PEI2BF3" name="com.TesnG.FreeCRMExcelTest" tests="4" failures="0" timestamp="2022-05-24T10:53:08 EDT" time="46.024" errors="0">
  <testcase name="contactlinkclickTest" time="12.161" classname="com.TesnG.FreeCRMExcelTest"/>
  <system-out/>
  <testcase name="loginTest" time="7.426" classname="com.TesnG.FreeCRMExcelTest"/>
  <system-out/>
  <testcase name="contactlinkclickTest" time="12.411" classname="com.TesnG.FreeCRMExcelTest"/>
  <system-out/>
  <testcase name="contactlinkclickTest" time="14.026" classname="com.TesnG.FreeCRMExcelTest"/>
  <system-out/>
</testsuite> <!-- com.TesnG.FreeCRMExcelTest -->
