<?xml version="1.0" encoding="UTF-8"?>
<!-- Generated by org.testng.reporters.JUnitReportReporter -->
<testsuite skipped="0" hostname="DESKTOP-PEI2BF3" name="com.TesnG.GoogleTest" tests="3" failures="0" timestamp="2022-05-10T11:57:19 EDT" time="28.332" errors="0">
  <testcase name="googleTitleTest" time="8.212" classname="com.TesnG.GoogleTest"/>
  <system-out/>
  <testcase name="mailLinkTest" time="8.645" classname="com.TesnG.GoogleTest"/>
  <system-out/>
  <testcase name="googleSearchBoxTest" time="11.475" classname="com.TesnG.GoogleTest"/>
  <system-out/>
</testsuite> <!-- com.TesnG.GoogleTest -->
