<?xml version="1.0" encoding="UTF-8"?>
<!-- Generated by org.testng.reporters.JUnitReportReporter -->
<testsuite skipped="0" hostname="DESKTOP-PEI2BF3" name="com.TesnG.Invocationcount" tests="5" failures="0" timestamp="2022-05-10T11:59:26 EDT" time="0.023" errors="0">
  <testcase name="sum" time="0.004" classname="com.TesnG.Invocationcount"/>
  <system-out/>
  <testcase name="sum" time="0.002" classname="com.TesnG.Invocationcount"/>
  <system-out/>
  <testcase name="sum" time="0.002" classname="com.TesnG.Invocationcount"/>
  <system-out/>
  <testcase name="sum" time="0.005" classname="com.TesnG.Invocationcount"/>
  <system-out/>
  <testcase name="sum" time="0.010" classname="com.TesnG.Invocationcount"/>
  <system-out/>
</testsuite> <!-- com.TesnG.Invocationcount -->
