<?xml version="1.0" encoding="UTF-8"?>
<!-- Generated by org.testng.reporters.JUnitReportReporter -->
<testsuite skipped="0" hostname="DESKTOP-PEI2BF3" name="com.TesnG.AssertionValidation$GoogleTest" tests="3" failures="0" timestamp="2022-05-10T12:01:12 EDT" time="29.458" errors="0">
  <testcase name="mailLinkTest" time="9.187" classname="com.TesnG.AssertionValidation$GoogleTest"/>
  <system-out/>
  <testcase name="googleSearchBoxTest" time="9.780" classname="com.TesnG.AssertionValidation$GoogleTest"/>
  <system-out/>
  <testcase name="googleTitleTest" time="10.491" classname="com.TesnG.AssertionValidation$GoogleTest"/>
  <system-out/>
</testsuite> <!-- com.TesnG.AssertionValidation$GoogleTest -->
