<?xml version="1.0" encoding="UTF-8"?>
<!-- Generated by org.testng.reporters.JUnitReportReporter -->
<testsuite skipped="0" hostname="DESKTOP-PEI2BF3" name="com.TesnG.TaestNGBasics" tests="1" failures="0" timestamp="2022-05-10T11:58:47 EDT" time="0.018" errors="0">
  <testcase name="googleTitleTest" time="0.018" classname="com.TesnG.TaestNGBasics"/>
  <system-out/>
</testsuite> <!-- com.TesnG.TaestNGBasics -->
