<?xml version="1.0" encoding="UTF-8"?>
<!-- Generated by org.testng.reporters.JUnitReportReporter -->
<testsuite skipped="0" hostname="DESKTOP-PEI2BF3" name="com.TesnG.DynamicWebTabel" tests="2" failures="0" timestamp="2022-05-25T09:50:23 EDT" time="18.891" errors="0">
  <testcase name="loginTest" time="7.765" classname="com.TesnG.DynamicWebTabel"/>
  <system-out/>
  <testcase name="contactlinkclickTest" time="11.126" classname="com.TesnG.DynamicWebTabel"/>
  <system-out/>
</testsuite> <!-- com.TesnG.DynamicWebTabel -->
