<?xml version="1.0" encoding="UTF-8"?>
<!-- Generated by org.testng.reporters.JUnitReportReporter -->
<testsuite skipped="0" hostname="DESKTOP-PEI2BF3" name="com.TesnG.GoogleTitleTest" tests="4" failures="0" timestamp="2022-05-10T11:55:20 EDT" time="0.015" errors="0">
  <testcase name="googleTitleTest" time="0.009" classname="com.TesnG.GoogleTitleTest"/>
  <system-out/>
  <testcase name="googleLoginTest" time="0.002" classname="com.TesnG.GoogleTitleTest"/>
  <system-out/>
  <testcase name="googleUserNTest" time="0.002" classname="com.TesnG.GoogleTitleTest"/>
  <system-out/>
  <testcase name="googlePassWTest" time="0.002" classname="com.TesnG.GoogleTitleTest"/>
  <system-out/>
</testsuite> <!-- com.TesnG.GoogleTitleTest -->
